app/build/intermediates/manifest_merge_blame_file/release/manifest-merger-blame-release-report.txt
1<?xml version="1.0" encoding="utf-8"?>
2<manifest xmlns:android="http://schemas.android.com/apk/res/android"
3    package="com.github.tvbox.osc.bbox"
4    android:versionCode="1"
5    android:versionName="20230302-0924" >
6
7    <uses-sdk
8        android:minSdkVersion="16"
8-->src\main\AndroidManifest.xml
9        android:targetSdkVersion="26" />
9-->src\main\AndroidManifest.xml
10
11    <uses-feature
11-->src\main\AndroidManifest.xml:5:5-7:36
12        android:name="android.software.leanback"
12-->src\main\AndroidManifest.xml:6:9-49
13        android:required="false" />
13-->src\main\AndroidManifest.xml:7:9-33
14    <uses-feature
14-->src\main\AndroidManifest.xml:8:5-10:36
15        android:name="android.hardware.touchscreen"
15-->src\main\AndroidManifest.xml:9:9-52
16        android:required="false" />
16-->src\main\AndroidManifest.xml:10:9-33
17
18    <uses-permission android:name="android.permission.INTERNET" />
18-->src\main\AndroidManifest.xml:12:5-67
18-->src\main\AndroidManifest.xml:12:22-64
19    <uses-permission android:name="android.permission.ACCESS_NETWORK_STATE" />
19-->src\main\AndroidManifest.xml:13:5-79
19-->src\main\AndroidManifest.xml:13:22-76
20    <uses-permission android:name="android.permission.ACCESS_WIFI_STATE" />
20-->src\main\AndroidManifest.xml:14:5-76
20-->src\main\AndroidManifest.xml:14:22-73
21    <uses-permission android:name="android.permission.CHANGE_WIFI_MULTICAST_STATE" />
21-->src\main\AndroidManifest.xml:15:5-86
21-->src\main\AndroidManifest.xml:15:22-83
22    <uses-permission android:name="android.permission.READ_EXTERNAL_STORAGE" />
22-->src\main\AndroidManifest.xml:16:5-80
22-->src\main\AndroidManifest.xml:16:22-77
23    <uses-permission android:name="android.permission.WRITE_EXTERNAL_STORAGE" />
23-->src\main\AndroidManifest.xml:17:5-81
23-->src\main\AndroidManifest.xml:17:22-78
24    <uses-permission android:name="android.permission.ACCESS_FINE_LOCATION" />
24-->src\main\AndroidManifest.xml:18:5-79
24-->src\main\AndroidManifest.xml:18:22-76
25    <uses-permission android:name="android.permission.REQUEST_INSTALL_PACKAGES" />
25-->src\main\AndroidManifest.xml:19:5-83
25-->src\main\AndroidManifest.xml:19:22-80
26    <uses-permission android:name="android.permission.MOUNT_UNMOUNT_FILESYSTEMS" />
26-->[com.lzy.net:okgo:3.0.4] AndroidManifest.xml:29:5-84
26-->[com.lzy.net:okgo:3.0.4] AndroidManifest.xml:29:22-81
27    <uses-permission android:name="android.permission.READ_PHONE_STATE" />
27-->[:player] AndroidManifest.xml:22:5-75
27-->[:player] AndroidManifest.xml:22:22-72
28    <uses-permission android:name="android.permission.WAKE_LOCK" />
28-->[:player] AndroidManifest.xml:25:5-68
28-->[:player] AndroidManifest.xml:25:22-65
29    <uses-permission android:name="android.permission.GET_TASKS" />
29-->[:player] AndroidManifest.xml:26:5-68
29-->[:player] AndroidManifest.xml:26:22-65
30
31    <application
31-->src\main\AndroidManifest.xml:21:5-110:19
32        android:name="com.github.tvbox.osc.bbox.base.App"
32-->src\main\AndroidManifest.xml:22:9-33
33        android:allowBackup="true"
33-->src\main\AndroidManifest.xml:23:9-35
34        android:appComponentFactory="androidx.core.app.CoreComponentFactory"
34-->[androidx.core:core:1.5.0] AndroidManifest.xml:24:18-86
35        android:banner="@drawable/app_banner"
35-->src\main\AndroidManifest.xml:24:9-46
36        android:configChanges="orientation|keyboardHidden|screenSize"
36-->src\main\AndroidManifest.xml:25:9-70
37        android:hardwareAccelerated="true"
37-->src\main\AndroidManifest.xml:26:9-43
38        android:icon="@drawable/app_icon"
38-->src\main\AndroidManifest.xml:27:9-42
39        android:label="@string/app_name"
39-->src\main\AndroidManifest.xml:28:9-41
40        android:largeHeap="true"
40-->src\main\AndroidManifest.xml:29:9-33
41        android:networkSecurityConfig="@xml/network_security_config"
41-->src\main\AndroidManifest.xml:30:9-69
42        android:supportsRtl="true"
42-->src\main\AndroidManifest.xml:31:9-35
43        android:theme="@style/AppTheme.NoActionBar"
43-->src\main\AndroidManifest.xml:32:9-52
44        android:usesCleartextTraffic="true" >
44-->src\main\AndroidManifest.xml:33:9-44
45        <activity
45-->src\main\AndroidManifest.xml:35:9-44:20
46            android:name="com.github.tvbox.osc.bbox.ui.activity.HomeActivity"
46-->src\main\AndroidManifest.xml:36:13-53
47            android:screenOrientation="sensorLandscape" >
47-->src\main\AndroidManifest.xml:37:13-56
48            <intent-filter>
48-->src\main\AndroidManifest.xml:38:13-43:29
49                <action android:name="android.intent.action.MAIN" />
49-->src\main\AndroidManifest.xml:39:17-69
49-->src\main\AndroidManifest.xml:39:25-66
50
51                <category android:name="android.intent.category.LAUNCHER" />
51-->src\main\AndroidManifest.xml:41:17-77
51-->src\main\AndroidManifest.xml:41:27-74
52                <category android:name="android.intent.category.LEANBACK_LAUNCHER" />
52-->src\main\AndroidManifest.xml:42:17-86
52-->src\main\AndroidManifest.xml:42:27-83
53            </intent-filter>
54        </activity>
55        <activity
55-->src\main\AndroidManifest.xml:46:9-48:59
56            android:name="com.github.tvbox.osc.bbox.ui.activity.LivePlayActivity"
56-->src\main\AndroidManifest.xml:47:13-57
57            android:screenOrientation="sensorLandscape" />
57-->src\main\AndroidManifest.xml:48:13-56
58        <activity
58-->src\main\AndroidManifest.xml:49:9-52:59
59            android:name="com.github.tvbox.osc.bbox.ui.activity.DetailActivity"
59-->src\main\AndroidManifest.xml:50:13-55
60            android:configChanges="orientation|screenSize"
60-->src\main\AndroidManifest.xml:51:13-59
61            android:screenOrientation="sensorLandscape" />
61-->src\main\AndroidManifest.xml:52:13-56
62        <activity
62-->src\main\AndroidManifest.xml:53:9-56:59
63            android:name="com.github.tvbox.osc.bbox.ui.activity.PlayActivity"
63-->src\main\AndroidManifest.xml:54:13-53
64            android:configChanges="orientation|screenSize"
64-->src\main\AndroidManifest.xml:55:13-59
65            android:screenOrientation="sensorLandscape" />
65-->src\main\AndroidManifest.xml:56:13-56
66        <activity
66-->src\main\AndroidManifest.xml:57:9-59:59
67            android:name="com.github.tvbox.osc.bbox.ui.activity.PushActivity"
67-->src\main\AndroidManifest.xml:58:13-53
68            android:screenOrientation="sensorLandscape" />
68-->src\main\AndroidManifest.xml:59:13-56
69        <activity
69-->src\main\AndroidManifest.xml:60:9-62:59
70            android:name="com.github.tvbox.osc.bbox.ui.activity.SearchActivity"
70-->src\main\AndroidManifest.xml:61:13-55
71            android:screenOrientation="sensorLandscape" />
71-->src\main\AndroidManifest.xml:62:13-56
72        <activity
72-->src\main\AndroidManifest.xml:63:9-65:59
73            android:name="com.github.tvbox.osc.bbox.ui.activity.FastSearchActivity"
73-->src\main\AndroidManifest.xml:64:13-59
74            android:screenOrientation="sensorLandscape" />
74-->src\main\AndroidManifest.xml:65:13-56
75        <activity
75-->src\main\AndroidManifest.xml:66:9-68:59
76            android:name="com.github.tvbox.osc.bbox.ui.activity.SettingActivity"
76-->src\main\AndroidManifest.xml:67:13-56
77            android:screenOrientation="sensorLandscape" />
77-->src\main\AndroidManifest.xml:68:13-56
78        <activity
78-->src\main\AndroidManifest.xml:69:9-71:59
79            android:name="com.github.tvbox.osc.bbox.ui.activity.HistoryActivity"
79-->src\main\AndroidManifest.xml:70:13-56
80            android:screenOrientation="sensorLandscape" />
80-->src\main\AndroidManifest.xml:71:13-56
81        <activity
81-->src\main\AndroidManifest.xml:72:9-74:59
82            android:name="com.github.tvbox.osc.bbox.ui.activity.CollectActivity"
82-->src\main\AndroidManifest.xml:73:13-56
83            android:screenOrientation="sensorLandscape" />
83-->src\main\AndroidManifest.xml:74:13-56
84
85        <receiver android:name="com.github.tvbox.osc.bbox.receiver.SearchReceiver" >
85-->src\main\AndroidManifest.xml:76:9-80:20
85-->src\main\AndroidManifest.xml:76:19-58
86            <intent-filter>
86-->src\main\AndroidManifest.xml:77:13-79:29
87                <action android:name="android.content.movie.search.Action" />
87-->src\main\AndroidManifest.xml:78:17-78
87-->src\main\AndroidManifest.xml:78:25-75
88            </intent-filter>
89        </receiver>
90        <receiver android:name="com.github.tvbox.osc.bbox.receiver.CustomWebReceiver" >
90-->src\main\AndroidManifest.xml:81:9-85:20
90-->src\main\AndroidManifest.xml:81:19-61
91            <intent-filter>
91-->src\main\AndroidManifest.xml:82:13-84:29
92                <action android:name="android.content.movie.custom.web.Action" />
92-->src\main\AndroidManifest.xml:83:17-82
92-->src\main\AndroidManifest.xml:83:25-79
93            </intent-filter>
94        </receiver>
95
96        <provider
97            android:name="androidx.core.content.FileProvider"
97-->src\main\AndroidManifest.xml:88:13-62
98            android:authorities="com.github.tvbox.osc.bbox.fileprovider"
98-->src\main\AndroidManifest.xml:89:13-64
99            android:exported="false"
99-->src\main\AndroidManifest.xml:90:13-37
100            android:grantUriPermissions="true" >
100-->src\main\AndroidManifest.xml:91:13-47
101            <meta-data
101-->src\main\AndroidManifest.xml:92:13-94:54
102                android:name="android.support.FILE_PROVIDER_PATHS"
102-->src\main\AndroidManifest.xml:93:17-67
103                android:resource="@xml/file_paths" />
103-->src\main\AndroidManifest.xml:94:17-51
104        </provider>
105
106        <meta-data
106-->src\main\AndroidManifest.xml:97:9-99:36
107            android:name="design_width_in_dp"
107-->src\main\AndroidManifest.xml:98:13-46
108            android:value="1280" />
108-->src\main\AndroidManifest.xml:99:13-33
109        <meta-data
109-->src\main\AndroidManifest.xml:100:9-102:35
110            android:name="design_height_in_dp"
110-->src\main\AndroidManifest.xml:101:13-47
111            android:value="720" />
111-->src\main\AndroidManifest.xml:102:13-32
112        <meta-data
112-->src\main\AndroidManifest.xml:104:9-106:38
113            android:name="xwalk_enable_download_mode"
113-->src\main\AndroidManifest.xml:105:13-54
114            android:value="enable" />
114-->src\main\AndroidManifest.xml:106:13-35
115        <meta-data
115-->src\main\AndroidManifest.xml:107:9-109:39
116            android:name="xwalk_verify"
116-->src\main\AndroidManifest.xml:108:13-40
117            android:value="disable" />
117-->src\main\AndroidManifest.xml:109:13-36
118
119        <provider
119-->[com.squareup.picasso:picasso:2.71828] AndroidManifest.xml:8:9-11:40
120            android:name="com.squareup.picasso.PicassoProvider"
120-->[com.squareup.picasso:picasso:2.71828] AndroidManifest.xml:9:13-64
121            android:authorities="com.github.tvbox.osc.bbox.com.squareup.picasso"
121-->[com.squareup.picasso:picasso:2.71828] AndroidManifest.xml:10:13-72
122            android:exported="false" />
122-->[com.squareup.picasso:picasso:2.71828] AndroidManifest.xml:11:13-37
123
124        <service
124-->[androidx.room:room-runtime:2.3.0] AndroidManifest.xml:25:9-28:40
125            android:name="androidx.room.MultiInstanceInvalidationService"
125-->[androidx.room:room-runtime:2.3.0] AndroidManifest.xml:26:13-74
126            android:directBootAware="true"
126-->[androidx.room:room-runtime:2.3.0] AndroidManifest.xml:27:13-43
127            android:exported="false" />
127-->[androidx.room:room-runtime:2.3.0] AndroidManifest.xml:28:13-37
128
129        <provider
129-->[me.jessyan:autosize:1.2.1] AndroidManifest.xml:12:9-16:43
130            android:name="me.jessyan.autosize.InitProvider"
130-->[me.jessyan:autosize:1.2.1] AndroidManifest.xml:13:13-60
131            android:authorities="com.github.tvbox.osc.bbox.autosize-init-provider"
131-->[me.jessyan:autosize:1.2.1] AndroidManifest.xml:14:13-74
132            android:exported="false"
132-->[me.jessyan:autosize:1.2.1] AndroidManifest.xml:15:13-37
133            android:multiprocess="true" />
133-->[me.jessyan:autosize:1.2.1] AndroidManifest.xml:16:13-40
134
135        <activity
135-->[com.github.hedzr:android-file-chooser:v1.2.0-final] AndroidManifest.xml:12:9-15:56
136            android:name="com.obsez.android.lib.filechooser.permissions.PermissionActivity"
136-->[com.github.hedzr:android-file-chooser:v1.2.0-final] AndroidManifest.xml:13:13-92
137            android:label=""
137-->[com.github.hedzr:android-file-chooser:v1.2.0-final] AndroidManifest.xml:14:13-29
138            android:theme="@style/Theme.Transparent" />
138-->[com.github.hedzr:android-file-chooser:v1.2.0-final] AndroidManifest.xml:15:13-53
139
140        <provider
140-->[androidx.lifecycle:lifecycle-process:2.2.0] AndroidManifest.xml:25:9-29:43
141            android:name="androidx.lifecycle.ProcessLifecycleOwnerInitializer"
141-->[androidx.lifecycle:lifecycle-process:2.2.0] AndroidManifest.xml:26:13-79
142            android:authorities="com.github.tvbox.osc.bbox.lifecycle-process"
142-->[androidx.lifecycle:lifecycle-process:2.2.0] AndroidManifest.xml:27:13-69
143            android:exported="false"
143-->[androidx.lifecycle:lifecycle-process:2.2.0] AndroidManifest.xml:28:13-37
144            android:multiprocess="true" />
144-->[androidx.lifecycle:lifecycle-process:2.2.0] AndroidManifest.xml:29:13-40
145    </application>
146
147</manifest>